unity/gimbal_headtracking_vr/Library/Bee/Android/Prj/Mono2x/Gradle/launcher/build/intermediates/manifest_merge_blame_file/release/manifest-merger-blame-release-report.txt
1<?xml version="1.0" encoding="utf-8"?>
2<manifest xmlns:android="http://schemas.android.com/apk/res/android"
3    package="com.DefaultCompany.gimbal_headtracking_vr"
4    android:installLocation="auto"
5    android:versionCode="1"
6    android:versionName="0.1" >
7
8    <uses-sdk
9        android:minSdkVersion="23"
9-->src/main/AndroidManifest.xml
10        android:targetSdkVersion="30" />
10-->src/main/AndroidManifest.xml
11
12    <supports-screens
12-->src/main/AndroidManifest.xml:3:3-163
13        android:anyDensity="true"
13-->src/main/AndroidManifest.xml:3:135-160
14        android:largeScreens="true"
14-->src/main/AndroidManifest.xml:3:78-105
15        android:normalScreens="true"
15-->src/main/AndroidManifest.xml:3:49-77
16        android:smallScreens="true"
16-->src/main/AndroidManifest.xml:3:21-48
17        android:xlargeScreens="true" />
17-->src/main/AndroidManifest.xml:3:106-134
18
19    <uses-feature android:glEsVersion="0x00030000" />
19-->[:unityLibrary] AndroidManifest.xml:13:5-54
19-->[:unityLibrary] AndroidManifest.xml:13:19-51
20    <uses-feature
20-->[:unityLibrary] AndroidManifest.xml:14:5-16:36
21        android:name="android.hardware.vulkan.version"
21-->[:unityLibrary] AndroidManifest.xml:15:9-55
22        android:required="false" />
22-->[:unityLibrary] AndroidManifest.xml:16:9-33
23
24    <uses-permission android:name="android.permission.INTERNET" />
24-->[:unityLibrary] AndroidManifest.xml:18:5-67
24-->[:unityLibrary] AndroidManifest.xml:18:22-64
25    <uses-permission android:name="android.permission.RECORD_AUDIO" />
25-->[:unityLibrary] AndroidManifest.xml:19:5-71
25-->[:unityLibrary] AndroidManifest.xml:19:22-68
26    <uses-permission android:name="android.permission.MODIFY_AUDIO_SETTINGS" />
26-->[:unityLibrary] AndroidManifest.xml:20:5-80
26-->[:unityLibrary] AndroidManifest.xml:20:22-77
27
28    <uses-feature
28-->[:unityLibrary] AndroidManifest.xml:22:5-24:36
29        android:name="android.hardware.microphone"
29-->[:unityLibrary] AndroidManifest.xml:23:9-51
30        android:required="false" />
30-->[:unityLibrary] AndroidManifest.xml:24:9-33
31    <uses-feature
31-->[:unityLibrary] AndroidManifest.xml:25:5-27:36
32        android:name="android.hardware.touchscreen"
32-->[:unityLibrary] AndroidManifest.xml:26:9-52
33        android:required="false" />
33-->[:unityLibrary] AndroidManifest.xml:27:9-33
34    <uses-feature
34-->[:unityLibrary] AndroidManifest.xml:28:5-30:36
35        android:name="android.hardware.touchscreen.multitouch"
35-->[:unityLibrary] AndroidManifest.xml:29:9-63
36        android:required="false" />
36-->[:unityLibrary] AndroidManifest.xml:30:9-33
37    <uses-feature
37-->[:unityLibrary] AndroidManifest.xml:31:5-33:36
38        android:name="android.hardware.touchscreen.multitouch.distinct"
38-->[:unityLibrary] AndroidManifest.xml:32:9-72
39        android:required="false" />
39-->[:unityLibrary] AndroidManifest.xml:33:9-33
40    <uses-feature
40-->[:unityLibrary] AndroidManifest.xml:34:5-37:31
41        android:name="android.hardware.vr.headtracking"
41-->[:unityLibrary] AndroidManifest.xml:35:9-56
42        android:required="true"
42-->[:unityLibrary] AndroidManifest.xml:36:9-32
43        android:version="1" />
43-->[:unityLibrary] AndroidManifest.xml:37:9-28
44
45    <application
45-->src/main/AndroidManifest.xml:4:3-83
46        android:allowBackup="false"
46-->[:unityLibrary] AndroidManifest.xml:40:9-36
47        android:extractNativeLibs="true"
47-->[:unityLibrary] AndroidManifest.xml:41:9-41
48        android:icon="@mipmap/app_icon"
48-->src/main/AndroidManifest.xml:4:49-80
49        android:label="@string/app_name"
49-->src/main/AndroidManifest.xml:4:16-48
50        android:networkSecurityConfig="@xml/network_sec_config" >
50-->[:unityLibrary] AndroidManifest.xml:44:9-64
51        <activity
51-->[:unityLibrary] AndroidManifest.xml:45:9-69:20
52            android:name="com.unity3d.player.UnityPlayerActivity"
52-->[:unityLibrary] AndroidManifest.xml:46:13-66
53            android:configChanges="keyboard|keyboardHidden|navigation|orientation|screenLayout|screenSize|uiMode"
53-->[:unityLibrary] AndroidManifest.xml:47:13-114
54            android:hardwareAccelerated="false"
54-->[:unityLibrary] AndroidManifest.xml:48:13-48
55            android:launchMode="singleTask"
55-->[:unityLibrary] AndroidManifest.xml:49:13-44
56            android:resizeableActivity="false"
56-->[:unityLibrary] AndroidManifest.xml:50:13-47
57            android:screenOrientation="landscape"
57-->[:unityLibrary] AndroidManifest.xml:51:13-50
58            android:theme="@android:style/Theme.Black.NoTitleBar.Fullscreen" >
58-->[:unityLibrary] AndroidManifest.xml:52:13-77
59            <intent-filter>
59-->[:unityLibrary] AndroidManifest.xml:53:13-58:29
60                <action android:name="android.intent.action.MAIN" />
60-->[:unityLibrary] AndroidManifest.xml:54:17-69
60-->[:unityLibrary] AndroidManifest.xml:54:25-66
61
62                <category android:name="android.intent.category.LAUNCHER" />
62-->[:unityLibrary] AndroidManifest.xml:56:17-77
62-->[:unityLibrary] AndroidManifest.xml:56:27-74
63                <category android:name="com.oculus.intent.category.VR" />
63-->[:unityLibrary] AndroidManifest.xml:57:17-74
63-->[:unityLibrary] AndroidManifest.xml:57:27-71
64            </intent-filter>
65
66            <meta-data
66-->[:unityLibrary] AndroidManifest.xml:60:13-62:40
67                android:name="unityplayer.UnityActivity"
67-->[:unityLibrary] AndroidManifest.xml:61:17-57
68                android:value="true" />
68-->[:unityLibrary] AndroidManifest.xml:62:17-37
69            <meta-data
69-->[:unityLibrary] AndroidManifest.xml:63:13-65:40
70                android:name="android.notch_support"
70-->[:unityLibrary] AndroidManifest.xml:64:17-53
71                android:value="true" />
71-->[:unityLibrary] AndroidManifest.xml:65:17-37
72            <meta-data
72-->[:unityLibrary] AndroidManifest.xml:66:13-68:40
73                android:name="com.oculus.vr.focusaware"
73-->[:unityLibrary] AndroidManifest.xml:67:17-56
74                android:value="true" />
74-->[:unityLibrary] AndroidManifest.xml:68:17-37
75        </activity>
76
77        <meta-data
77-->[:unityLibrary] AndroidManifest.xml:71:9-73:33
78            android:name="unity.splash-mode"
78-->[:unityLibrary] AndroidManifest.xml:72:13-45
79            android:value="0" />
79-->[:unityLibrary] AndroidManifest.xml:73:13-30
80        <meta-data
80-->[:unityLibrary] AndroidManifest.xml:74:9-76:36
81            android:name="unity.splash-enable"
81-->[:unityLibrary] AndroidManifest.xml:75:13-47
82            android:value="True" />
82-->[:unityLibrary] AndroidManifest.xml:76:13-33
83        <meta-data
83-->[:unityLibrary] AndroidManifest.xml:77:9-79:36
84            android:name="unity.launch-fullscreen"
84-->[:unityLibrary] AndroidManifest.xml:78:13-51
85            android:value="True" />
85-->[:unityLibrary] AndroidManifest.xml:79:13-33
86        <meta-data
86-->[:unityLibrary] AndroidManifest.xml:80:9-82:37
87            android:name="unity.allow-resizable-window"
87-->[:unityLibrary] AndroidManifest.xml:81:13-56
88            android:value="False" />
88-->[:unityLibrary] AndroidManifest.xml:82:13-34
89        <meta-data
89-->[:unityLibrary] AndroidManifest.xml:83:9-85:50
90            android:name="notch.config"
90-->[:unityLibrary] AndroidManifest.xml:84:13-40
91            android:value="portrait|landscape" />
91-->[:unityLibrary] AndroidManifest.xml:85:13-47
92        <meta-data
92-->[:unityLibrary] AndroidManifest.xml:86:9-88:39
93            android:name="com.samsung.android.vr.application.mode"
93-->[:unityLibrary] AndroidManifest.xml:87:13-67
94            android:value="vr_only" />
94-->[:unityLibrary] AndroidManifest.xml:88:13-36
95        <meta-data
95-->[:unityLibrary] AndroidManifest.xml:89:9-91:37
96            android:name="com.unity.xr.oculus.LowOverheadMode"
96-->[:unityLibrary] AndroidManifest.xml:90:13-63
97            android:value="false" />
97-->[:unityLibrary] AndroidManifest.xml:91:13-34
98        <meta-data
98-->[:unityLibrary] AndroidManifest.xml:92:9-94:37
99            android:name="com.unity.xr.oculus.LateLatching"
99-->[:unityLibrary] AndroidManifest.xml:93:13-60
100            android:value="false" />
100-->[:unityLibrary] AndroidManifest.xml:94:13-34
101        <meta-data
101-->[:unityLibrary] AndroidManifest.xml:95:9-97:37
102            android:name="com.unity.xr.oculus.LateLatchingDebug"
102-->[:unityLibrary] AndroidManifest.xml:96:13-65
103            android:value="false" />
103-->[:unityLibrary] AndroidManifest.xml:97:13-34
104        <meta-data
104-->[:unityLibrary] AndroidManifest.xml:98:9-100:44
105            android:name="com.oculus.supportedDevices"
105-->[:unityLibrary] AndroidManifest.xml:99:13-55
106            android:value="quest|quest2" />
106-->[:unityLibrary] AndroidManifest.xml:100:13-41
107    </application>
108
109</manifest>